Flow report for simple_NN_acc
Wed Oct 23 18:12:21 2019
Quartus Prime Version 17.0.0 Build 595 04/25/2017 SJ Standard Edition


---------------------
; Table of Contents ;
---------------------
  1. Legal Notice
  2. Flow Summary
  3. Flow Settings
  4. Flow Non-Default Global Settings
  5. Flow Elapsed Time
  6. Flow OS Summary
  7. Flow Log
  8. Flow Messages
  9. Flow Suppressed Messages



----------------
; Legal Notice ;
----------------
Copyright (C) 2017  Intel Corporation. All rights reserved.
Your use of Intel Corporation's design tools, logic functions 
and other software and tools, and its AMPP partner logic 
functions, and any output files from any of the foregoing 
(including device programming or simulation files), and any 
associated documentation or information are expressly subject 
to the terms and conditions of the Intel Program License 
Subscription Agreement, the Intel Quartus Prime License Agreement,
the Intel MegaCore Function License Agreement, or other 
applicable license agreement, including, without limitation, 
that your use is for the sole purpose of programming logic 
devices manufactured by Intel and sold by Intel or its 
authorized distributors.  Please refer to the applicable 
agreement for further details.



+--------------------------------------------------------------------------------------+
; Flow Summary                                                                         ;
+------------------------------------+-------------------------------------------------+
; Flow Status                        ; Successful - Wed Oct 23 18:12:05 2019           ;
; Quartus Prime Version              ; 17.0.0 Build 595 04/25/2017 SJ Standard Edition ;
; Revision Name                      ; simple_NN_acc                                   ;
; Top-level Entity Name              ; simple_NN_acc                                   ;
; Family                             ; Cyclone IV E                                    ;
; Device                             ; EP4CE115F29C7                                   ;
; Timing Models                      ; Final                                           ;
; Total logic elements               ; 6,854 / 114,480 ( 6 % )                         ;
;     Total combinational functions  ; 6,266 / 114,480 ( 5 % )                         ;
;     Dedicated logic registers      ; 4,205 / 114,480 ( 4 % )                         ;
; Total registers                    ; 4324                                            ;
; Total pins                         ; 169 / 529 ( 32 % )                              ;
; Total virtual pins                 ; 0                                               ;
; Total memory bits                  ; 1,205,376 / 3,981,312 ( 30 % )                  ;
; Embedded Multiplier 9-bit elements ; 4 / 532 ( < 1 % )                               ;
; Total PLLs                         ; 1 / 4 ( 25 % )                                  ;
+------------------------------------+-------------------------------------------------+


+-----------------------------------------+
; Flow Settings                           ;
+-------------------+---------------------+
; Option            ; Setting             ;
+-------------------+---------------------+
; Start date & time ; 10/23/2019 18:08:52 ;
; Main task         ; Compilation         ;
; Revision Name     ; simple_NN_acc       ;
+-------------------+---------------------+


+-------------------------------------------------------------------------------------------------------------------------+
; Flow Non-Default Global Settings                                                                                        ;
+-------------------------------------+----------------------------------------+---------------+-------------+------------+
; Assignment Name                     ; Value                                  ; Default Value ; Entity Name ; Section Id ;
+-------------------------------------+----------------------------------------+---------------+-------------+------------+
; COMPILER_SIGNATURE_ID               ; 132129489357058.157186853208943        ; --            ; --          ; --         ;
; MAX_CORE_JUNCTION_TEMP              ; 85                                     ; --            ; --          ; --         ;
; MIN_CORE_JUNCTION_TEMP              ; 0                                      ; --            ; --          ; --         ;
; NOMINAL_CORE_SUPPLY_VOLTAGE         ; 1.2V                                   ; --            ; --          ; --         ;
; PARTITION_COLOR                     ; -- (Not supported for targeted family) ; --            ; --          ; Top        ;
; PARTITION_FITTER_PRESERVATION_LEVEL ; -- (Not supported for targeted family) ; --            ; --          ; Top        ;
; PARTITION_NETLIST_TYPE              ; -- (Not supported for targeted family) ; --            ; --          ; Top        ;
; POWER_BOARD_THERMAL_MODEL           ; None (CONSERVATIVE)                    ; --            ; --          ; --         ;
; POWER_PRESET_COOLING_SOLUTION       ; 23 MM HEAT SINK WITH 200 LFPM AIRFLOW  ; --            ; --          ; --         ;
; PROJECT_OUTPUT_DIRECTORY            ; output_files                           ; --            ; --          ; --         ;
+-------------------------------------+----------------------------------------+---------------+-------------+------------+


+-------------------------------------------------------------------------------------------------------------------------------+
; Flow Elapsed Time                                                                                                             ;
+---------------------------+--------------+-------------------------+---------------------+------------------------------------+
; Module Name               ; Elapsed Time ; Average Processors Used ; Peak Virtual Memory ; Total CPU Time (on all processors) ;
+---------------------------+--------------+-------------------------+---------------------+------------------------------------+
; Analysis & Synthesis      ; 00:01:42     ; 1.0                     ; 1395 MB             ; 00:02:34                           ;
; Fitter                    ; 00:01:09     ; 1.3                     ; 1812 MB             ; 00:02:03                           ;
; Assembler                 ; 00:00:07     ; 1.0                     ; 964 MB              ; 00:00:06                           ;
; TimeQuest Timing Analyzer ; 00:00:13     ; 1.6                     ; 1220 MB             ; 00:00:15                           ;
; Total                     ; 00:03:11     ; --                      ; --                  ; 00:04:58                           ;
+---------------------------+--------------+-------------------------+---------------------+------------------------------------+


+---------------------------------------------------------------------------------------------------------+
; Flow OS Summary                                                                                         ;
+---------------------------+------------------------------+----------------+------------+----------------+
; Module Name               ; Machine Hostname             ; OS Name        ; OS Version ; Processor type ;
+---------------------------+------------------------------+----------------+------------+----------------+
; Analysis & Synthesis      ; ecegrid-thin2.ecn.purdue.edu ; CentOS release ; 6          ; x86_64         ;
; Fitter                    ; ecegrid-thin2.ecn.purdue.edu ; CentOS release ; 6          ; x86_64         ;
; Assembler                 ; ecegrid-thin2.ecn.purdue.edu ; CentOS release ; 6          ; x86_64         ;
; TimeQuest Timing Analyzer ; ecegrid-thin2.ecn.purdue.edu ; CentOS release ; 6          ; x86_64         ;
+---------------------------+------------------------------+----------------+------------+----------------+


------------
; Flow Log ;
------------
quartus_map --read_settings_files=on --write_settings_files=off simple_NN_acc -c simple_NN_acc
quartus_fit --read_settings_files=off --write_settings_files=off simple_NN_acc -c simple_NN_acc
quartus_asm --read_settings_files=off --write_settings_files=off simple_NN_acc -c simple_NN_acc
quartus_sta simple_NN_acc -c simple_NN_acc



